<?xml version="1.0" encoding="UTF-8"?>
<!-- Generated by org.testng.reporters.JUnitReportReporter -->
<testsuite hostname="DESKTOP-QNMN576" failures="0" tests="2" name="rahulshettyacademy.tests.SubmitOrderTest" time="13.926" errors="0" timestamp="19 Sep 2022 20:14:09 GMT" skipped="0">
  <testcase classname="rahulshettyacademy.tests.SubmitOrderTest" name="submitOrder" time="8.098"/>
  <testcase classname="rahulshettyacademy.tests.SubmitOrderTest" name="submitOrder" time="5.828"/>
</testsuite> <!-- rahulshettyacademy.tests.SubmitOrderTest -->
