<?xml version="1.0" encoding="UTF-8"?>
<!-- Generated by org.testng.reporters.JUnitReportReporter -->
<testsuite skipped="0" hostname="MacBook-Pro.attlocal.net" name="cucumber.TestNGTestRunner" tests="1" failures="0" timestamp="08 Aug 2022 17:22:07 GMT" time="18.739" errors="0">
  <testcase name="runScenario" time="18.739" classname="cucumber.TestNGTestRunner"/>
</testsuite> <!-- cucumber.TestNGTestRunner -->
