<?xml version="1.0" encoding="UTF-8"?>
<!-- Generated by org.testng.reporters.JUnitReportReporter -->
<testsuite hostname="DESKTOP-QNMN576" failures="0" tests="2" name="rahulshettyacademy.tests.ErrorValidationsTest" time="16.564" errors="0" timestamp="19 Sep 2022 20:13:07 GMT" skipped="0">
  <testcase classname="rahulshettyacademy.tests.ErrorValidationsTest" name="LoginErrorValidation" time="8.899"/>
  <testcase classname="rahulshettyacademy.tests.ErrorValidationsTest" name="ProductErrorValidation" time="7.665"/>
</testsuite> <!-- rahulshettyacademy.tests.ErrorValidationsTest -->
