<?xml version="1.0" encoding="UTF-8"?>
<!-- Generated by org.testng.reporters.JUnitReportReporter -->
<testsuite skipped="0" hostname="MacBook-Pro.attlocal.net" name="rahulshettyacademy.tests.ErrorValidations" tests="2" failures="0" timestamp="01 Aug 2022 12:47:10 GMT" time="21.797" errors="0">
  <testcase name="submitOrders" time="13.536" classname="rahulshettyacademy.tests.ErrorValidations"/>
  <testcase name="submitOrder" time="8.261" classname="rahulshettyacademy.tests.ErrorValidations"/>
</testsuite> <!-- rahulshettyacademy.tests.ErrorValidations -->
