<?xml version="1.0" encoding="UTF-8"?>
<!-- Generated by org.testng.reporters.JUnitReportReporter -->
<testsuite skipped="0" hostname="MacBook-Pro.attlocal.net" name="cucumber.TestNGTestRunner" tests="1" failures="0" timestamp="13 Aug 2022 15:51:11 GMT" time="19.859" errors="0">
  <testcase name="runScenario" time="19.859" classname="cucumber.TestNGTestRunner"/>
</testsuite> <!-- cucumber.TestNGTestRunner -->
