<?xml version="1.0" encoding="UTF-8"?>
<!-- Generated by org.testng.reporters.JUnitReportReporter -->
<testsuite skipped="0" hostname="MacBook-Pro.attlocal.net" name="rahulshettyacademy.tests.ErrorValidationsTest" tests="2" failures="0" timestamp="06 Aug 2022 15:08:44 GMT" time="24.773" errors="0">
  <testcase name="LoginErrorValidation" time="9.609" classname="rahulshettyacademy.tests.ErrorValidationsTest"/>
  <testcase name="ProductErrorValidation" time="15.164" classname="rahulshettyacademy.tests.ErrorValidationsTest"/>
</testsuite> <!-- rahulshettyacademy.tests.ErrorValidationsTest -->
